<?xml version="1.0" encoding="UTF-8"?>
<!-- Generated by org.testng.reporters.JUnitXMLReporter -->
<testsuite hostname="LAPTOP-E20AETQ6" ignored="2" name="LOS BM to BDO" tests="2" failures="0" timestamp="29 Mar 2020 20:09:01 GMT" time="0.128" errors="0">
  <testcase name="@BeforeTest beforeTest" time="0.077" classname="Nelito.AllUserActivity">
    <failure type="java.lang.IllegalStateException" message="The driver executable does not exist: C:\Users\Vishal\eclipse-workspace\NelitoLOS\src\test\resources\drivers\chromedriver.exe">
      <![CDATA[java.lang.IllegalStateException: The driver executable does not exist: C:\Users\Vishal\eclipse-workspace\NelitoLOS\src\test\resources\drivers\chromedriver.exe
at com.google.common.base.Preconditions.checkState(Preconditions.java:589)
at org.openqa.selenium.remote.service.DriverService.checkExecutable(DriverService.java:154)
at org.openqa.selenium.remote.service.DriverService.findExecutable(DriverService.java:149)
at org.openqa.selenium.chrome.ChromeDriverService.access$000(ChromeDriverService.java:36)
at org.openqa.selenium.chrome.ChromeDriverService$Builder.findDefaultExecutable(ChromeDriverService.java:195)
at org.openqa.selenium.remote.service.DriverService$Builder.build(DriverService.java:389)
at org.openqa.selenium.chrome.ChromeDriverService.createDefaultService(ChromeDriverService.java:118)
at org.openqa.selenium.chrome.ChromeDriver.<init>(ChromeDriver.java:105)
at Nelito.AllMethods.InitializingDriver(AllMethods.java:24)
at Nelito.AllUserActivity.beforeTest(AllUserActivity.java:29)
... Removed 24 stack frames]]>
    </failure>
  </testcase> <!-- @BeforeTest beforeTest -->
  <testcase name="@AfterTest afterTest" time="0.0" classname="Nelito.AllUserActivity">
    <skipped/>
  </testcase> <!-- @AfterTest afterTest -->
  <testcase name="NelitoCRO" time="0.0" classname="Nelito.AllUserActivity">
    <skipped/>
  </testcase> <!-- NelitoCRO -->
  <testcase name="NelitoBDO" time="0.0" classname="Nelito.AllUserActivity">
    <skipped/>
  </testcase> <!-- NelitoBDO -->
  <testcase name="NelitoBM" time="0.0" classname="Nelito.AllUserActivity">
    <ignored/>
  </testcase> <!-- NelitoBM -->
  <testcase name="NelitoCCO" time="0.0" classname="Nelito.AllUserActivity">
    <ignored/>
  </testcase> <!-- NelitoCCO -->
</testsuite> <!-- LOS BM to BDO -->
